2024-09-02T07:47:59 | touched: src/main.rs
2025-08-06T14:03:09 | touched: src/main.rs
2024-01-16T23:18:50 | touched: LICENSE
2026-01-02T12:50:07 | touched: src/lib.rs
2026-01-08T10:05:19 | touched: Cargo.toml
2025-04-02T00:52:34 | touched: Cargo.toml
2026-01-20T04:06:24 | touched: README.md
2024-12-26T13:49:15 | touched: Cargo.toml
2026-01-10T13:02:07 | touched: Cargo.toml
2025-07-29T12:58:30 | touched: LICENSE
2024-06-02T01:20:11 | touched: src/lib.rs
2026-01-21T18:27:51 | touched: Cargo.toml
2026-01-08T14:03:11 | touched: README.md
2025-02-05T23:23:36 | touched: src/main.rs
2026-01-14T02:09:01 | touched: LICENSE
2025-04-27T19:01:44 | touched: src/main.rs
2025-02-11T07:11:40 | touched: LICENSE
2024-01-03T07:25:09 | touched: Cargo.toml
2026-01-19T18:19:18 | touched: Cargo.toml
2024-02-08T21:16:56 | touched: README.md
2025-05-26T10:15:57 | touched: README.md
2025-11-08T16:47:01 | touched: LICENSE
2025-08-30T15:06:52 | touched: src/lib.rs
2025-10-21T19:31:21 | touched: LICENSE
2025-07-16T16:38:20 | touched: src/lib.rs
2025-09-30T08:13:39 | touched: src/lib.rs
2025-11-10T11:53:28 | touched: src/lib.rs
2025-01-18T22:04:20 | touched: README.md
2025-10-11T08:12:12 | touched: README.md
